2025/09/18 12:43:59 Инициализация данных microcredit - очищаем базу и парсим заново...
2025/09/18 12:44:45 Инициализация данных autocredit - очищаем базу и парсим заново...
2025/09/18 12:44:50 Инициализация завершена - заполнены таблицы new_autocredit 
2025/09/18 12:44:50 Инициализация данных переводов - очищаем базу и парсим заново...
2025/09/18 12:44:51 Инициализация переводов завершена - заполнена таблица new_transfer
2025/09/18 12:44:51 Инициализация данных mortgage - очищаем базу и парсим заново...
2025/09/18 12:45:29 Инициализация завершена - заполнена таблица new_mortgage
2025/09/18 12:45:29 Инициализация данных deposit - очищаем базу и парсим заново...
2025/09/18 12:45:43 Инициализация данных card - очищаем базу и парсим заново...
2025/09/18 12:45:55 Инициализация данных microcredit - очищаем базу и парсим заново...
2025/09/18 12:46:26 Инициализация завершена - заполнена таблица new_card
2025/09/18 12:46:26 Инициализация данных currency - первичная загрузка new_currency...
2025/09/18 12:46:26 Парсинг валют завершен - найдено 73 курсов (время Узбекистана: 2025-09-18 12:46:26)
2025/09/18 12:46:26 Инициализация завершена - заполнена таблица new_currency (Asia/Tashkent)
2025/09/18 12:46:26 Инициализация данных credit_card - очищаем базу и парсим заново...
2025/09/18 12:46:29 Инициализация завершена - заполнена таблица new_credit_card
2025/09/18 13:11:44 Инициализация данных microcredit - очищаем базу и парсим заново...
2025/09/18 13:11:50 Инициализация завершена - заполнена таблица new_microcredit
2025/09/18 13:11:50 Инициализация данных autocredit - очищаем базу и парсим заново...
2025/09/18 13:11:56 Инициализация завершена - заполнены таблицы new_autocredit 
2025/09/18 13:11:56 Инициализация данных переводов - очищаем базу и парсим заново...
2025/09/18 13:11:56 Инициализация переводов завершена - заполнена таблица new_transfer
2025/09/18 13:11:56 Инициализация данных mortgage - очищаем базу и парсим заново...
2025/09/18 13:12:00 Инициализация завершена - заполнена таблица new_mortgage
2025/09/18 13:12:00 Инициализация данных deposit - очищаем базу и парсим заново...
2025/09/18 13:12:20 Инициализация завершена - заполнена таблица new_deposit
2025/09/18 13:12:20 Инициализация данных card - очищаем базу и парсим заново...
2025/09/18 13:12:35 Инициализация завершена - заполнена таблица new_card
2025/09/18 13:12:35 Инициализация данных currency - первичная загрузка new_currency...
2025/09/18 13:12:35 Парсинг валют завершен - найдено 73 курсов (время Узбекистана: 2025-09-18 13:12:35)
2025/09/18 13:12:35 Инициализация завершена - заполнена таблица new_currency (Asia/Tashkent)
2025/09/18 13:12:35 Инициализация данных credit_card - очищаем базу и парсим заново...
2025/09/18 13:12:38 Инициализация завершена - заполнена таблица new_credit_card
2025/09/18 13:13:25 Инициализация данных microcredit - очищаем базу и парсим заново...
2025/09/18 13:13:30 Инициализация завершена - заполнена таблица new_microcredit
2025/09/18 13:13:30 Инициализация данных autocredit - очищаем базу и парсим заново...
2025/09/18 13:13:35 Инициализация завершена - заполнены таблицы new_autocredit 
2025/09/18 13:13:35 Инициализация данных переводов - очищаем базу и парсим заново...
2025/09/18 13:13:35 Инициализация переводов завершена - заполнена таблица new_transfer
2025/09/18 13:13:35 Инициализация данных mortgage - очищаем базу и парсим заново...
2025/09/18 13:13:39 Инициализация завершена - заполнена таблица new_mortgage
2025/09/18 13:13:39 Инициализация данных deposit - очищаем базу и парсим заново...
2025/09/18 13:14:28 Инициализация завершена - заполнена таблица new_deposit
2025/09/18 13:14:28 Инициализация данных card - очищаем базу и парсим заново...
2025/09/18 13:14:49 Инициализация завершена - заполнена таблица new_card
2025/09/18 13:14:49 Инициализация данных currency - первичная загрузка new_currency...
2025/09/18 13:14:49 Парсинг валют завершен - найдено 73 курсов (время Узбекистана: 2025-09-18 13:14:49)
2025/09/18 13:14:49 Инициализация завершена - заполнена таблица new_currency (Asia/Tashkent)
2025/09/18 13:14:49 Инициализация данных credit_card - очищаем базу и парсим заново...
2025/09/18 13:15:20 Инициализация завершена - заполнена таблица new_credit_card
2025/09/18 13:20:00 Начало парсинга currency (каждые 10 минут)...
2025/09/18 13:20:01 Парсинг валют завершен - найдено 73 курсов (время Узбекистана: 2025-09-18 13:20:01)
2025/09/18 13:20:01 Парсинг currency завершен - обновлено 73 записей в new_currency (Asia/Tashkent)
2025/09/18 13:26:52 Инициализация данных microcredit - очищаем базу и парсим заново...
2025/09/18 13:26:58 Инициализация завершена - заполнена таблица new_microcredit
2025/09/18 13:26:58 Инициализация данных autocredit - очищаем базу и парсим заново...
2025/09/18 13:27:30 Инициализация завершена - заполнены таблицы new_autocredit 
2025/09/18 13:27:30 Инициализация данных переводов - очищаем базу и парсим заново...
2025/09/18 13:27:31 Инициализация переводов завершена - заполнена таблица new_transfer
2025/09/18 13:27:31 Инициализация данных mortgage - очищаем базу и парсим заново...
2025/09/18 13:27:36 Инициализация завершена - заполнена таблица new_mortgage
2025/09/18 13:27:36 Инициализация данных deposit - очищаем базу и парсим заново...
2025/09/18 13:28:36 Инициализация завершена - заполнена таблица new_deposit
2025/09/18 13:28:36 Инициализация данных card - очищаем базу и парсим заново...
2025/09/18 13:28:53 Инициализация завершена - заполнена таблица new_card
2025/09/18 13:28:53 Инициализация данных currency - первичная загрузка new_currency...
2025/09/18 13:28:53 Парсинг валют завершен - найдено 73 курсов (время Узбекистана: 2025-09-18 13:28:53)
2025/09/18 13:28:53 Инициализация завершена - заполнена таблица new_currency (Asia/Tashkent)
2025/09/18 13:28:53 Инициализация данных credit_card - очищаем базу и парсим заново...
2025/09/18 13:28:56 Инициализация завершена - заполнена таблица new_credit_card
2025/09/18 13:30:00 Начало парсинга переводов (каждые 5 минут)...
2025/09/18 13:30:00 Начало парсинга currency (каждые 10 минут)...
2025/09/18 13:30:00 Парсинг валют завершен - найдено 73 курсов (время Узбекистана: 2025-09-18 13:30:00)
2025/09/18 13:30:00 Парсинг currency завершен - обновлено 73 записей в new_currency (Asia/Tashkent)
2025/09/18 13:30:00 Парсинг переводов завершен
2025/09/18 13:35:00 Начало парсинга переводов (каждые 5 минут)...
2025/09/18 13:35:23 Парсинг переводов завершен
2025/09/18 13:40:00 Начало парсинга переводов (каждые 5 минут)...
2025/09/18 13:40:00 Начало парсинга currency (каждые 10 минут)...
2025/09/18 13:40:01 Парсинг переводов завершен
2025/09/18 13:40:01 Парсинг валют завершен - найдено 73 курсов (время Узбекистана: 2025-09-18 13:40:01)
2025/09/18 13:40:02 Парсинг currency завершен - обновлено 73 записей в new_currency (Asia/Tashkent)
2025/09/18 13:45:00 Начало парсинга переводов (каждые 5 минут)...
2025/09/18 13:45:00 Парсинг переводов завершен
2025/09/18 13:50:00 Начало парсинга переводов (каждые 5 минут)...
2025/09/18 13:50:00 Начало парсинга currency (каждые 10 минут)...
2025/09/18 13:50:01 Парсинг переводов завершен
2025/09/18 13:50:01 Парсинг валют завершен - найдено 73 курсов (время Узбекистана: 2025-09-18 13:50:01)
2025/09/18 13:50:01 Парсинг currency завершен - обновлено 73 записей в new_currency (Asia/Tashkent)
2025/09/18 13:55:00 Начало парсинга переводов (каждые 5 минут)...
2025/09/18 13:55:00 Парсинг переводов завершен
2025/09/18 14:00:00 Начало парсинга переводов (каждые 5 минут)...
2025/09/18 14:00:00 Начало парсинга currency (каждые 10 минут)...
2025/09/18 14:00:00 Парсинг валют завершен - найдено 73 курсов (время Узбекистана: 2025-09-18 14:00:00)
2025/09/18 14:00:00 Парсинг переводов завершен
2025/09/18 14:00:00 Парсинг currency завершен - обновлено 73 записей в new_currency (Asia/Tashkent)
2025/09/18 14:05:00 Начало парсинга переводов (каждые 5 минут)...
2025/09/18 14:05:30 Ошибка парсинга переводов https://bank.uz/uz/perevodi: ошибка получения страницы: Get "https://bank.uz/uz/perevodi": dial tcp: lookup bank.uz: i/o timeout
2025/09/18 14:05:30 Парсинг переводов завершен
2025/09/18 14:10:00 Начало парсинга переводов (каждые 5 минут)...
2025/09/18 14:10:00 Начало парсинга currency (каждые 10 минут)...
2025/09/18 14:10:30 Ошибка получения страницы: Get "https://bank.uz/uz/currency": dial tcp: lookup bank.uz: i/o timeout
2025/09/18 14:10:30 Ошибка при парсинге currency
2025/09/18 14:10:30 Ошибка парсинга переводов https://bank.uz/uz/perevodi: ошибка получения страницы: Get "https://bank.uz/uz/perevodi": dial tcp: lookup bank.uz: no such host
2025/09/18 14:10:30 Парсинг переводов завершен
2025/09/18 14:15:00 Начало парсинга переводов (каждые 5 минут)...
2025/09/18 14:15:30 Ошибка парсинга переводов https://bank.uz/uz/perevodi: ошибка получения страницы: Get "https://bank.uz/uz/perevodi": dial tcp 144.76.60.52:443: i/o timeout
2025/09/18 14:15:30 Парсинг переводов завершен
2025/09/18 14:20:00 Начало парсинга currency (каждые 10 минут)...
2025/09/18 14:20:00 Начало парсинга переводов (каждые 5 минут)...
2025/09/18 14:20:01 Парсинг валют завершен - найдено 73 курсов (время Узбекистана: 2025-09-18 14:20:01)
2025/09/18 14:20:01 Парсинг переводов завершен
2025/09/18 14:20:01 Парсинг currency завершен - обновлено 73 записей в new_currency (Asia/Tashkent)
2025/09/18 14:25:00 Начало парсинга переводов (каждые 5 минут)...
2025/09/18 14:25:01 Парсинг переводов завершен
2025/09/18 14:31:15 Начало парсинга переводов (каждые 5 минут)...
2025/09/18 14:31:15 Начало парсинга currency (каждые 10 минут)...
2025/09/18 14:31:16 Парсинг валют завершен - найдено 73 курсов (время Узбекистана: 2025-09-18 14:31:16)
2025/09/18 14:31:16 Парсинг переводов завершен
2025/09/18 14:31:16 Парсинг currency завершен - обновлено 73 записей в new_currency (Asia/Tashkent)
2025/09/18 14:35:00 Начало парсинга переводов (каждые 5 минут)...
2025/09/18 14:35:01 Парсинг переводов завершен
2025/09/18 14:40:00 Начало парсинга переводов (каждые 5 минут)...
2025/09/18 14:40:00 Начало парсинга currency (каждые 10 минут)...
2025/09/18 14:40:01 Парсинг переводов завершен
2025/09/18 14:40:01 Парсинг валют завершен - найдено 73 курсов (время Узбекистана: 2025-09-18 14:40:01)
2025/09/18 14:40:01 Парсинг currency завершен - обновлено 73 записей в new_currency (Asia/Tashkent)
2025/09/18 14:45:00 Начало парсинга переводов (каждые 5 минут)...
2025/09/18 14:45:01 Парсинг переводов завершен
2025/09/18 14:50:00 Начало парсинга переводов (каждые 5 минут)...
2025/09/18 14:50:00 Начало парсинга currency (каждые 10 минут)...
2025/09/18 14:50:00 Парсинг переводов завершен
2025/09/18 14:50:27 Парсинг валют завершен - найдено 73 курсов (время Узбекистана: 2025-09-18 14:50:27)
2025/09/18 14:50:27 Парсинг currency завершен - обновлено 73 записей в new_currency (Asia/Tashkent)
2025/09/18 14:55:00 Начало парсинга переводов (каждые 5 минут)...
2025/09/18 14:55:00 Парсинг переводов завершен
2025/09/18 15:00:00 Начало парсинга переводов (каждые 5 минут)...
2025/09/18 15:00:00 Начало парсинга currency (каждые 10 минут)...
2025/09/18 15:00:02 Парсинг валют завершен - найдено 73 курсов (время Узбекистана: 2025-09-18 15:00:02)
2025/09/18 15:00:02 Парсинг переводов завершен
2025/09/18 15:00:02 Парсинг currency завершен - обновлено 73 записей в new_currency (Asia/Tashkent)
2025/09/18 15:05:00 Начало парсинга переводов (каждые 5 минут)...
2025/09/18 15:05:00 Парсинг переводов завершен
2025/09/18 15:10:00 Начало парсинга currency (каждые 10 минут)...
2025/09/18 15:10:00 Начало парсинга переводов (каждые 5 минут)...
2025/09/18 15:10:01 Парсинг валют завершен - найдено 73 курсов (время Узбекистана: 2025-09-18 15:10:01)
2025/09/18 15:10:01 Парсинг переводов завершен
2025/09/18 15:10:01 Парсинг currency завершен - обновлено 73 записей в new_currency (Asia/Tashkent)
2025/09/18 20:40:54 Инициализация данных microcredit - очищаем базу и парсим заново...
2025/09/18 20:40:59 Инициализация завершена - заполнена таблица new_microcredit
2025/09/18 20:40:59 Инициализация данных autocredit - очищаем базу и парсим заново...
2025/09/18 20:41:03 Инициализация завершена - заполнены таблицы new_autocredit 
2025/09/18 20:41:03 Инициализация данных переводов - очищаем базу и парсим заново...
2025/09/18 20:41:04 Инициализация переводов завершена - заполнена таблица new_transfer
2025/09/18 20:41:04 Инициализация данных mortgage - очищаем базу и парсим заново...
2025/09/18 20:41:08 Инициализация завершена - заполнена таблица new_mortgage
2025/09/18 20:41:08 Инициализация данных deposit - очищаем базу и парсим заново...
2025/09/18 20:41:16 Инициализация завершена - заполнена таблица new_deposit
2025/09/18 20:41:16 Инициализация данных card - очищаем базу и парсим заново...
2025/09/18 20:41:26 Инициализация завершена - заполнена таблица new_card
2025/09/18 20:41:26 Инициализация данных currency - первичная загрузка new_currency...
2025/09/18 20:41:26 Парсинг валют завершен - найдено 73 курсов (время Узбекистана: 2025-09-18 20:41:26)
2025/09/18 20:41:26 Инициализация завершена - заполнена таблица new_currency (Asia/Tashkent)
2025/09/18 20:41:26 Инициализация данных credit_card - очищаем базу и парсим заново...
2025/09/18 20:41:28 Инициализация завершена - заполнена таблица new_credit_card
2025/09/18 20:43:27 Инициализация данных microcredit - очищаем базу и парсим заново...
2025/09/18 20:43:33 Инициализация завершена - заполнена таблица new_microcredit
2025/09/18 20:43:33 Инициализация данных autocredit - очищаем базу и парсим заново...
2025/09/18 20:43:37 Инициализация завершена - заполнены таблицы new_autocredit 
2025/09/18 20:43:37 Инициализация данных переводов - очищаем базу и парсим заново...
2025/09/18 20:43:38 Инициализация переводов завершена - заполнена таблица new_transfer
2025/09/18 20:43:38 Инициализация данных mortgage - очищаем базу и парсим заново...
2025/09/18 20:43:42 Инициализация завершена - заполнена таблица new_mortgage
2025/09/18 20:43:42 Инициализация данных deposit - очищаем базу и парсим заново...
2025/09/18 20:43:50 Инициализация завершена - заполнена таблица new_deposit
2025/09/18 20:43:50 Инициализация данных card - очищаем базу и парсим заново...
2025/09/18 20:44:00 Инициализация завершена - заполнена таблица new_card
2025/09/18 20:44:00 Инициализация данных currency - первичная загрузка new_currency...
2025/09/18 20:44:01 Парсинг валют завершен - найдено 73 курсов (время Узбекистана: 2025-09-18 20:44:01)
2025/09/18 20:44:01 Инициализация завершена - заполнена таблица new_currency (Asia/Tashkent)
2025/09/18 20:44:01 Инициализация данных credit_card - очищаем базу и парсим заново...
2025/09/18 20:44:03 Инициализация завершена - заполнена таблица new_credit_card
2025/09/26 17:29:16 Инициализация данных microcredit - очищаем базу и парсим заново...
2025/09/26 17:29:21 Инициализация завершена - заполнена таблица new_microcredit
2025/09/26 17:29:21 Инициализация данных autocredit - очищаем базу и парсим заново...
2025/09/26 17:29:25 Инициализация завершена - заполнены таблицы new_autocredit 
2025/09/26 17:29:25 Инициализация данных переводов - очищаем базу и парсим заново...
2025/09/26 17:29:26 Инициализация переводов завершена - заполнена таблица new_transfer
2025/09/26 17:29:26 Инициализация данных mortgage - очищаем базу и парсим заново...
2025/09/26 17:29:31 Инициализация завершена - заполнена таблица new_mortgage
2025/09/26 17:29:31 Инициализация данных deposit - очищаем базу и парсим заново...
2025/09/26 17:29:38 Инициализация завершена - заполнена таблица new_deposit
2025/09/26 17:29:38 Инициализация данных card - очищаем базу и парсим заново...
2025/09/26 17:29:50 Инициализация завершена - заполнена таблица new_card
2025/09/26 17:29:50 Инициализация данных currency - первичная загрузка new_currency...
2025/09/26 17:29:51 Парсинг валют завершен - найдено 74 курсов (время Узбекистана: 2025-09-26 17:29:51)
2025/09/26 17:29:51 Инициализация завершена - заполнена таблица new_currency (Asia/Tashkent)
2025/09/26 17:29:51 Инициализация данных credit_card - очищаем базу и парсим заново...
2025/09/26 17:29:53 Инициализация завершена - заполнена таблица new_credit_card
2025/09/26 17:34:47 Инициализация данных microcredit - очищаем базу и парсим заново...
2025/09/26 17:34:52 Инициализация завершена - заполнена таблица new_microcredit
2025/09/26 17:34:52 Инициализация данных autocredit - очищаем базу и парсим заново...
2025/09/26 17:34:57 Инициализация завершена - заполнены таблицы new_autocredit 
2025/09/26 17:34:57 Инициализация данных переводов - очищаем базу и парсим заново...
2025/09/26 17:34:57 Инициализация переводов завершена - заполнена таблица new_transfer
2025/09/26 17:34:57 Инициализация данных mortgage - очищаем базу и парсим заново...
2025/09/26 17:35:01 Инициализация завершена - заполнена таблица new_mortgage
2025/09/26 17:35:01 Инициализация данных deposit - очищаем базу и парсим заново...
2025/09/26 17:35:10 Инициализация завершена - заполнена таблица new_deposit
2025/09/26 17:35:10 Инициализация данных card - очищаем базу и парсим заново...
2025/09/26 17:35:22 Инициализация завершена - заполнена таблица new_card
2025/09/26 17:35:22 Инициализация данных currency - первичная загрузка new_currency...
2025/09/26 17:35:23 Парсинг валют завершен - найдено 74 курсов (время Узбекистана: 2025-09-26 17:35:23)
2025/09/26 17:35:23 Инициализация завершена - заполнена таблица new_currency (Asia/Tashkent)
2025/09/26 17:35:23 Инициализация данных credit_card - очищаем базу и парсим заново...
2025/09/26 17:35:25 Инициализация завершена - заполнена таблица new_credit_card
2025/09/26 17:40:00 Начало парсинга currency (каждые 10 минут)...
2025/09/26 17:40:00 Парсинг валют завершен - найдено 74 курсов (время Узбекистана: 2025-09-26 17:40:00)
2025/09/26 17:40:00 Парсинг currency завершен - обновлено 74 записей в new_currency (Asia/Tashkent)
2025/09/26 17:40:24 Инициализация данных microcredit - очищаем базу и парсим заново...
2025/09/26 17:40:29 Инициализация завершена - заполнена таблица new_microcredit
2025/09/26 17:40:29 Инициализация данных autocredit - очищаем базу и парсим заново...
2025/09/26 17:40:32 Инициализация завершена - заполнены таблицы new_autocredit 
2025/09/26 17:40:32 Инициализация данных переводов - очищаем базу и парсим заново...
2025/09/26 17:40:33 Инициализация переводов завершена - заполнена таблица new_transfer
2025/09/26 17:40:33 Инициализация данных mortgage - очищаем базу и парсим заново...
2025/09/26 17:40:36 Инициализация завершена - заполнена таблица new_mortgage
2025/09/26 17:40:36 Инициализация данных deposit - очищаем базу и парсим заново...
2025/09/26 17:40:44 Инициализация завершена - заполнена таблица new_deposit
2025/09/26 17:40:44 Инициализация данных card - очищаем базу и парсим заново...
2025/09/26 17:40:54 Инициализация завершена - заполнена таблица new_card
2025/09/26 17:40:54 Инициализация данных currency - первичная загрузка new_currency...
2025/09/26 17:40:54 Парсинг валют завершен - найдено 74 курсов (время Узбекистана: 2025-09-26 17:40:54)
2025/09/26 17:40:54 Инициализация завершена - заполнена таблица new_currency (Asia/Tashkent)
2025/09/26 17:40:54 Инициализация данных credit_card - очищаем базу и парсим заново...
2025/09/26 17:40:56 Инициализация завершена - заполнена таблица new_credit_card
2025/09/26 17:42:07 Инициализация данных microcredit - очищаем базу и парсим заново...
2025/09/26 17:42:13 Инициализация завершена - заполнена таблица new_microcredit
2025/09/26 17:42:13 Инициализация данных autocredit - очищаем базу и парсим заново...
2025/09/26 17:42:17 Инициализация завершена - заполнены таблицы new_autocredit 
2025/09/26 17:42:17 Инициализация данных переводов - очищаем базу и парсим заново...
2025/09/26 17:42:18 Инициализация переводов завершена - заполнена таблица new_transfer
2025/09/26 17:42:18 Инициализация данных mortgage - очищаем базу и парсим заново...
2025/09/26 17:42:22 Инициализация завершена - заполнена таблица new_mortgage
2025/09/26 17:42:22 Инициализация данных deposit - очищаем базу и парсим заново...
2025/09/26 17:42:30 Инициализация завершена - заполнена таблица new_deposit
2025/09/26 17:42:30 Инициализация данных card - очищаем базу и парсим заново...
2025/09/26 17:42:42 Инициализация завершена - заполнена таблица new_card
2025/09/26 17:42:42 Инициализация данных currency - первичная загрузка new_currency...
2025/09/26 17:45:40 Инициализация данных microcredit - очищаем базу и парсим заново...
2025/09/26 17:45:45 Инициализация завершена - заполнена таблица new_microcredit
2025/09/26 17:45:45 Инициализация данных autocredit - очищаем базу и парсим заново...
2025/09/26 17:45:50 Инициализация завершена - заполнены таблицы new_autocredit 
2025/09/26 17:45:50 Инициализация данных переводов - очищаем базу и парсим заново...
2025/09/26 17:45:50 Инициализация переводов завершена - заполнена таблица new_transfer
2025/09/26 17:45:50 Инициализация данных mortgage - очищаем базу и парсим заново...
2025/09/26 17:45:54 Инициализация завершена - заполнена таблица new_mortgage
2025/09/26 17:45:54 Инициализация данных deposit - очищаем базу и парсим заново...
2025/09/26 17:46:02 Инициализация завершена - заполнена таблица new_deposit
2025/09/26 17:46:02 Инициализация данных card - очищаем базу и парсим заново...
2025/09/26 17:50:25 Инициализация данных microcredit - очищаем базу и парсим заново...
2025/09/26 17:50:31 Инициализация завершена - заполнена таблица new_microcredit
2025/09/26 17:50:31 Инициализация данных autocredit - очищаем базу и парсим заново...
2025/09/26 17:50:37 Инициализация завершена - заполнены таблицы new_autocredit 
2025/09/26 17:50:37 Инициализация данных переводов - очищаем базу и парсим заново...
2025/09/26 17:50:37 Инициализация переводов завершена - заполнена таблица new_transfer
2025/09/26 17:50:37 Инициализация данных mortgage - очищаем базу и парсим заново...
2025/09/26 17:50:40 Инициализация завершена - заполнена таблица new_mortgage
2025/09/26 17:50:40 Инициализация данных deposit - очищаем базу и парсим заново...
2025/09/26 17:50:48 Инициализация завершена - заполнена таблица new_deposit
2025/09/26 17:50:48 Инициализация данных card - очищаем базу и парсим заново...
2025/09/26 17:51:00 Инициализация завершена - заполнена таблица new_card
2025/09/26 17:51:00 Инициализация данных currency - первичная загрузка new_currency...
2025/09/26 17:51:00 Парсинг валют завершен - найдено 74 курсов (время Узбекистана: 2025-09-26 17:51:00)
2025/09/26 17:51:00 Инициализация завершена - заполнена таблица new_currency (Asia/Tashkent)
2025/09/26 17:51:00 Инициализация данных credit_card - очищаем базу и парсим заново...
2025/09/26 17:51:03 Инициализация завершена - заполнена таблица new_credit_card
2025/09/26 17:52:11 Инициализация данных microcredit - очищаем базу и парсим заново...
2025/09/26 17:52:16 Инициализация завершена - заполнена таблица new_microcredit
2025/09/26 17:52:16 Инициализация данных autocredit - очищаем базу и парсим заново...
2025/09/26 17:52:21 Инициализация завершена - заполнены таблицы new_autocredit 
2025/09/26 17:52:21 Инициализация данных переводов - очищаем базу и парсим заново...
2025/09/26 17:52:21 Инициализация переводов завершена - заполнена таблица new_transfer
2025/09/26 17:52:21 Инициализация данных mortgage - очищаем базу и парсим заново...
2025/09/26 17:52:25 Инициализация завершена - заполнена таблица new_mortgage
2025/09/26 17:52:25 Инициализация данных deposit - очищаем базу и парсим заново...
2025/09/26 17:52:34 Инициализация завершена - заполнена таблица new_deposit
2025/09/26 17:52:34 Инициализация данных card - очищаем базу и парсим заново...
2025/09/26 17:52:46 Инициализация завершена - заполнена таблица new_card
2025/09/26 17:52:46 Инициализация данных currency - первичная загрузка new_currency...
2025/09/26 17:52:46 Парсинг валют завершен - найдено 74 курсов (время Узбекистана: 2025-09-26 17:52:46)
2025/09/26 17:52:46 Инициализация завершена - заполнена таблица new_currency (Asia/Tashkent)
2025/09/26 17:52:46 Инициализация данных credit_card - очищаем базу и парсим заново...
2025/09/26 17:52:49 Инициализация завершена - заполнена таблица new_credit_card
2025/09/26 17:55:43 Инициализация данных microcredit - очищаем базу и парсим заново...
2025/09/26 17:55:48 Инициализация завершена - заполнена таблица new_microcredit
2025/09/26 17:55:48 Инициализация данных autocredit - очищаем базу и парсим заново...
2025/09/26 17:55:52 Инициализация завершена - заполнены таблицы new_autocredit 
2025/09/26 17:55:52 Инициализация данных переводов - очищаем базу и парсим заново...
2025/09/26 17:55:53 Инициализация переводов завершена - заполнена таблица new_transfer
2025/09/26 17:55:53 Инициализация данных mortgage - очищаем базу и парсим заново...
2025/09/26 17:57:34 Инициализация данных microcredit - очищаем базу и парсим заново...
2025/09/26 17:57:40 Инициализация завершена - заполнена таблица new_microcredit
2025/09/26 17:57:40 Инициализация данных autocredit - очищаем базу и парсим заново...
2025/09/26 17:57:45 Инициализация завершена - заполнены таблицы new_autocredit 
2025/09/26 17:57:45 Инициализация данных переводов - очищаем базу и парсим заново...
2025/09/26 17:57:45 Инициализация переводов завершена - заполнена таблица new_transfer
2025/09/26 17:57:45 Инициализация данных mortgage - очищаем базу и парсим заново...
2025/09/26 18:00:51 Инициализация данных microcredit - очищаем базу и парсим заново...
2025/09/26 18:00:57 Инициализация завершена - заполнена таблица new_microcredit
2025/09/26 18:00:57 Инициализация данных autocredit - очищаем базу и парсим заново...
2025/09/26 18:01:02 Инициализация завершена - заполнены таблицы new_autocredit 
2025/09/26 18:01:02 Инициализация данных переводов - очищаем базу и парсим заново...
2025/09/26 18:01:03 Инициализация переводов завершена - заполнена таблица new_transfer
2025/09/26 18:01:03 Инициализация данных mortgage - очищаем базу и парсим заново...
2025/09/26 18:02:02 Инициализация данных microcredit - очищаем базу и парсим заново...
2025/09/26 18:02:08 Инициализация завершена - заполнена таблица new_microcredit
2025/09/26 18:02:08 Инициализация данных autocredit - очищаем базу и парсим заново...
2025/09/26 18:02:13 Инициализация завершена - заполнены таблицы new_autocredit 
2025/09/26 18:02:13 Инициализация данных переводов - очищаем базу и парсим заново...
2025/09/26 18:02:13 Инициализация переводов завершена - заполнена таблица new_transfer
2025/09/26 18:02:13 Инициализация данных mortgage - очищаем базу и парсим заново...
2025/09/26 18:02:18 Инициализация завершена - заполнена таблица new_mortgage
2025/09/26 18:02:18 Инициализация данных deposit - очищаем базу и парсим заново...
2025/09/26 18:02:26 Инициализация завершена - заполнена таблица new_deposit
2025/09/26 18:02:26 Инициализация данных card - очищаем базу и парсим заново...
2025/09/26 18:02:38 Инициализация завершена - заполнена таблица new_card
2025/09/26 18:02:38 Инициализация данных currency - первичная загрузка new_currency...
2025/09/26 18:02:38 Парсинг валют завершен - найдено 74 курсов (время Узбекистана: 2025-09-26 18:02:38)
2025/09/26 18:02:38 Инициализация завершена - заполнена таблица new_currency (Asia/Tashkent)
2025/09/26 18:02:38 Инициализация данных credit_card - очищаем базу и парсим заново...
2025/09/26 18:02:40 Инициализация завершена - заполнена таблица new_credit_card
2025/09/26 18:03:36 Инициализация данных microcredit - очищаем базу и парсим заново...
2025/09/26 18:03:42 Инициализация завершена - заполнена таблица new_microcredit
2025/09/26 18:03:42 Инициализация данных autocredit - очищаем базу и парсим заново...
2025/09/26 18:03:47 Инициализация завершена - заполнены таблицы new_autocredit 
2025/09/26 18:03:47 Инициализация данных переводов - очищаем базу и парсим заново...
2025/09/26 18:03:47 Инициализация переводов завершена - заполнена таблица new_transfer
2025/09/26 18:03:47 Инициализация данных mortgage - очищаем базу и парсим заново...
2025/09/26 18:03:51 Инициализация завершена - заполнена таблица new_mortgage
2025/09/26 18:03:51 Инициализация данных deposit - очищаем базу и парсим заново...
2025/09/26 18:04:00 Инициализация завершена - заполнена таблица new_deposit
2025/09/26 18:04:00 Инициализация данных card - очищаем базу и парсим заново...
2025/09/26 18:04:13 Инициализация завершена - заполнена таблица new_card
2025/09/26 18:04:13 Инициализация данных currency - первичная загрузка new_currency...
2025/09/26 18:04:13 Парсинг валют завершен - найдено 74 курсов (время Узбекистана: 2025-09-26 18:04:13)
2025/09/26 18:04:13 Инициализация завершена - заполнена таблица new_currency (Asia/Tashkent)
2025/09/26 18:04:13 Инициализация данных credit_card - очищаем базу и парсим заново...
2025/09/26 18:04:16 Инициализация завершена - заполнена таблица new_credit_card
2025/09/26 18:10:00 Начало парсинга currency (каждые 10 минут)...
2025/09/26 18:10:00 Парсинг валют завершен - найдено 74 курсов (время Узбекистана: 2025-09-26 18:10:00)
2025/09/26 18:10:00 Парсинг currency завершен - обновлено 74 записей в new_currency (Asia/Tashkent)
2025/09/26 18:20:00 Начало парсинга currency (каждые 10 минут)...
2025/09/26 18:20:00 Парсинг валют завершен - найдено 74 курсов (время Узбекистана: 2025-09-26 18:20:00)
2025/09/26 18:20:00 Парсинг currency завершен - обновлено 74 записей в new_currency (Asia/Tashkent)
2025/09/26 18:30:00 Начало парсинга currency (каждые 10 минут)...
2025/09/26 18:30:00 Парсинг валют завершен - найдено 74 курсов (время Узбекистана: 2025-09-26 18:30:00)
2025/09/26 18:30:00 Парсинг currency завершен - обновлено 74 записей в new_currency (Asia/Tashkent)
2025/09/26 18:40:00 Начало парсинга currency (каждые 10 минут)...
2025/09/26 18:40:00 Парсинг валют завершен - найдено 74 курсов (время Узбекистана: 2025-09-26 18:40:00)
2025/09/26 18:40:00 Парсинг currency завершен - обновлено 74 записей в new_currency (Asia/Tashkent)
2025/09/26 18:50:30 Инициализация данных microcredit - очищаем базу и парсим заново...
2025/09/26 18:50:36 Инициализация завершена - заполнена таблица new_microcredit
2025/09/26 18:50:36 Инициализация данных autocredit - очищаем базу и парсим заново...
2025/09/26 18:50:41 Инициализация завершена - заполнены таблицы new_autocredit 
2025/09/26 18:50:41 Инициализация данных переводов - очищаем базу и парсим заново...
2025/09/26 18:50:41 Инициализация переводов завершена - заполнена таблица new_transfer
2025/09/26 18:50:41 Инициализация данных mortgage - очищаем базу и парсим заново...
2025/09/26 18:50:45 Инициализация завершена - заполнена таблица new_mortgage
2025/09/26 18:50:45 Инициализация данных deposit - очищаем базу и парсим заново...
2025/09/26 18:50:53 Инициализация завершена - заполнена таблица new_deposit
2025/09/26 18:50:53 Инициализация данных card - очищаем базу и парсим заново...
2025/09/26 18:51:06 Инициализация завершена - заполнена таблица new_card
2025/09/26 18:51:06 Инициализация данных currency - первичная загрузка new_currency...
2025/09/26 18:51:06 Парсинг валют завершен - найдено 74 курсов (время Узбекистана: 2025-09-26 18:51:06)
2025/09/26 18:51:06 Инициализация завершена - заполнена таблица new_currency (Asia/Tashkent)
2025/09/26 18:51:06 Инициализация данных credit_card - очищаем базу и парсим заново...
2025/09/26 18:51:08 Инициализация завершена - заполнена таблица new_credit_card
2025/09/26 19:20:22 Инициализация данных microcredit - очищаем базу и парсим заново...
2025/09/26 19:20:28 Инициализация завершена - заполнена таблица new_microcredit
2025/09/26 19:20:28 Инициализация данных autocredit - очищаем базу и парсим заново...
2025/09/26 19:20:33 Инициализация завершена - заполнены таблицы new_autocredit 
2025/09/26 19:20:33 Инициализация данных переводов - очищаем базу и парсим заново...
2025/09/26 19:20:33 Инициализация переводов завершена - заполнена таблица new_transfer
2025/09/26 19:20:33 Инициализация данных mortgage - очищаем базу и парсим заново...
2025/09/26 19:20:38 Инициализация завершена - заполнена таблица new_mortgage
2025/09/26 19:20:38 Инициализация данных deposit - очищаем базу и парсим заново...
2025/09/26 19:20:47 Инициализация завершена - заполнена таблица new_deposit
2025/09/26 19:20:47 Инициализация данных card - очищаем базу и парсим заново...
2025/09/26 19:21:01 Инициализация завершена - заполнена таблица new_card
2025/09/26 19:21:01 Инициализация данных currency - первичная загрузка new_currency...
2025/09/26 19:21:02 Парсинг валют завершен - найдено 74 курсов (время Узбекистана: 2025-09-26 19:21:02)
2025/09/26 19:21:02 Инициализация завершена - заполнена таблица new_currency (Asia/Tashkent)
2025/09/26 19:21:02 Инициализация данных credit_card - очищаем базу и парсим заново...
2025/09/26 19:21:04 Инициализация завершена - заполнена таблица new_credit_card
2025/09/26 19:28:24 Инициализация данных microcredit - очищаем базу и парсим заново...
2025/09/26 19:28:29 Инициализация завершена - заполнена таблица new_microcredit
2025/09/26 19:28:29 Инициализация данных autocredit - очищаем базу и парсим заново...
2025/09/26 19:28:34 Инициализация завершена - заполнены таблицы new_autocredit 
2025/09/26 19:28:34 Инициализация данных переводов - очищаем базу и парсим заново...
2025/09/26 19:28:35 Инициализация переводов завершена - заполнена таблица new_transfer
2025/09/26 19:28:35 Инициализация данных mortgage - очищаем базу и парсим заново...
2025/09/26 19:28:39 Инициализация завершена - заполнена таблица new_mortgage
2025/09/26 19:28:39 Инициализация данных deposit - очищаем базу и парсим заново...
2025/09/26 19:28:48 Инициализация завершена - заполнена таблица new_deposit
2025/09/26 19:28:48 Инициализация данных card - очищаем базу и парсим заново...
2025/09/26 19:29:01 Инициализация завершена - заполнена таблица new_card
2025/09/26 19:29:01 Инициализация данных currency - первичная загрузка new_currency...
2025/09/26 19:29:01 Парсинг валют завершен - найдено 74 курсов (время Узбекистана: 2025-09-26 19:29:01)
2025/09/26 19:29:01 Инициализация завершена - заполнена таблица new_currency (Asia/Tashkent)
2025/09/26 19:29:01 Инициализация данных credit_card - очищаем базу и парсим заново...
2025/09/26 19:29:04 Инициализация завершена - заполнена таблица new_credit_card
2025/09/26 19:30:00 Начало парсинга currency (каждые 10 минут)...
2025/09/26 19:30:00 Парсинг валют завершен - найдено 74 курсов (время Узбекистана: 2025-09-26 19:30:00)
2025/09/26 19:30:00 Парсинг currency завершен - обновлено 74 записей в new_currency (Asia/Tashkent)
2025/09/26 19:34:25 Инициализация данных microcredit - очищаем базу и парсим заново...
2025/09/26 19:34:31 Инициализация завершена - заполнена таблица new_microcredit
2025/09/26 19:34:31 Инициализация данных autocredit - очищаем базу и парсим заново...
2025/09/26 19:34:36 Инициализация завершена - заполнены таблицы new_autocredit 
2025/09/26 19:34:36 Инициализация данных переводов - очищаем базу и парсим заново...
2025/09/26 19:34:36 Инициализация переводов завершена - заполнена таблица new_transfer
2025/09/26 19:34:36 Инициализация данных mortgage - очищаем базу и парсим заново...
2025/09/26 19:34:41 Инициализация завершена - заполнена таблица new_mortgage
2025/09/26 19:34:41 Инициализация данных deposit - очищаем базу и парсим заново...
2025/09/26 19:34:50 Инициализация завершена - заполнена таблица new_deposit
2025/09/26 19:34:50 Инициализация данных card - очищаем базу и парсим заново...
2025/09/26 19:35:04 Инициализация завершена - заполнена таблица new_card
2025/09/26 19:35:04 Инициализация данных currency - первичная загрузка new_currency...
2025/09/26 19:35:05 Парсинг валют завершен - найдено 74 курсов (время Узбекистана: 2025-09-26 19:35:05)
2025/09/26 19:35:05 Инициализация завершена - заполнена таблица new_currency (Asia/Tashkent)
2025/09/26 19:35:05 Инициализация данных credit_card - очищаем базу и парсим заново...
2025/09/26 19:35:07 Инициализация завершена - заполнена таблица new_credit_card
2025/09/26 19:38:31 Инициализация данных microcredit - очищаем базу и парсим заново...
2025/09/26 19:38:36 Инициализация завершена - заполнена таблица new_microcredit
2025/09/26 19:38:36 Инициализация данных autocredit - очищаем базу и парсим заново...
2025/09/26 19:38:41 Инициализация завершена - заполнены таблицы new_autocredit 
2025/09/26 19:38:41 Инициализация данных переводов - очищаем базу и парсим заново...
2025/09/26 19:38:41 Инициализация переводов завершена - заполнена таблица new_transfer
2025/09/26 19:38:41 Инициализация данных mortgage - очищаем базу и парсим заново...
2025/09/26 19:38:46 Инициализация завершена - заполнена таблица new_mortgage
2025/09/26 19:38:46 Инициализация данных deposit - очищаем базу и парсим заново...
2025/09/26 19:38:54 Инициализация завершена - заполнена таблица new_deposit
2025/09/26 19:38:54 Инициализация данных card - очищаем базу и парсим заново...
2025/09/26 19:39:07 Инициализация завершена - заполнена таблица new_card
2025/09/26 19:39:07 Инициализация данных currency - первичная загрузка new_currency...
2025/09/26 19:39:07 Парсинг валют завершен - найдено 74 курсов (время Узбекистана: 2025-09-26 19:39:07)
2025/09/26 19:39:07 Инициализация завершена - заполнена таблица new_currency (Asia/Tashkent)
2025/09/26 19:39:07 Инициализация данных credit_card - очищаем базу и парсим заново...
2025/09/26 19:39:10 Инициализация завершена - заполнена таблица new_credit_card
2025/09/26 19:40:00 Начало парсинга currency (каждые 10 минут)...
2025/09/26 19:40:00 Парсинг валют завершен - найдено 74 курсов (время Узбекистана: 2025-09-26 19:40:00)
2025/09/26 19:40:00 Парсинг currency завершен - обновлено 74 записей в new_currency (Asia/Tashkent)
2025/09/26 19:50:00 Начало парсинга currency (каждые 10 минут)...
2025/09/26 19:50:00 Парсинг валют завершен - найдено 74 курсов (время Узбекистана: 2025-09-26 19:50:00)
2025/09/26 19:50:00 Парсинг currency завершен - обновлено 74 записей в new_currency (Asia/Tashkent)
2025/09/26 20:35:52 Инициализация данных microcredit - очищаем базу и парсим заново...
2025/09/26 20:35:52 Ошибка парсинга https://bank.uz/uz/credits/mikrozaymy: ошибка получения страницы: Get "https://bank.uz/uz/credits/mikrozaymy": dial tcp: lookup bank.uz: no such host
2025/09/26 20:35:52 Ошибка парсинга https://bank.uz/uz/credits/mikrozaymy?PAGEN_3=2: ошибка получения страницы: Get "https://bank.uz/uz/credits/mikrozaymy?PAGEN_3=2": dial tcp: lookup bank.uz: no such host
2025/09/26 20:35:52 Ошибка парсинга https://bank.uz/uz/credits/mikrozaymy?PAGEN_3=3: ошибка получения страницы: Get "https://bank.uz/uz/credits/mikrozaymy?PAGEN_3=3": dial tcp: lookup bank.uz: no such host
2025/09/26 20:35:52 Ошибка парсинга https://bank.uz/uz/credits/mikrozaymy?PAGEN_3=4: ошибка получения страницы: Get "https://bank.uz/uz/credits/mikrozaymy?PAGEN_3=4": dial tcp: lookup bank.uz: no such host
2025/09/26 20:35:52 Ошибка парсинга https://bank.uz/uz/credits/mikrozaymy?PAGEN_3=5: ошибка получения страницы: Get "https://bank.uz/uz/credits/mikrozaymy?PAGEN_3=5": dial tcp: lookup bank.uz: no such host
2025/09/26 20:35:52 Ошибка парсинга https://bank.uz/uz/credits/mikrozaymy?PAGEN_3=6: ошибка получения страницы: Get "https://bank.uz/uz/credits/mikrozaymy?PAGEN_3=6": dial tcp: lookup bank.uz: no such host
2025/09/26 20:35:52 Ошибка парсинга https://bank.uz/uz/credits/mikrozaymy?PAGEN_3=7: ошибка получения страницы: Get "https://bank.uz/uz/credits/mikrozaymy?PAGEN_3=7": dial tcp: lookup bank.uz: no such host
2025/09/26 20:35:52 Ошибка парсинга https://bank.uz/uz/credits/mikrozaymy?PAGEN_3=8: ошибка получения страницы: Get "https://bank.uz/uz/credits/mikrozaymy?PAGEN_3=8": dial tcp: lookup bank.uz: no such host
2025/09/26 20:35:52 Инициализация завершена - заполнена таблица new_microcredit
2025/09/26 20:35:52 Инициализация данных autocredit - очищаем базу и парсим заново...
2025/09/26 20:35:52 Ошибка парсинга https://bank.uz/uz/credits/avtokredit: ошибка получения страницы: Get "https://bank.uz/uz/credits/avtokredit": dial tcp: lookup bank.uz: no such host
2025/09/26 20:35:52 Ошибка парсинга https://bank.uz/uz/credits/avtokredit?PAGEN_3=2: ошибка получения страницы: Get "https://bank.uz/uz/credits/avtokredit?PAGEN_3=2": dial tcp: lookup bank.uz: no such host
2025/09/26 20:35:52 Ошибка парсинга https://bank.uz/uz/credits/avtokredit?PAGEN_3=3: ошибка получения страницы: Get "https://bank.uz/uz/credits/avtokredit?PAGEN_3=3": dial tcp: lookup bank.uz: no such host
2025/09/26 20:35:52 Ошибка парсинга https://bank.uz/uz/credits/avtokredit?PAGEN_3=4: ошибка получения страницы: Get "https://bank.uz/uz/credits/avtokredit?PAGEN_3=4": dial tcp: lookup bank.uz: no such host
2025/09/26 20:35:52 Ошибка парсинга https://bank.uz/uz/credits/avtokredit?PAGEN_3=5: ошибка получения страницы: Get "https://bank.uz/uz/credits/avtokredit?PAGEN_3=5": dial tcp: lookup bank.uz: no such host
2025/09/26 20:35:52 Ошибка парсинга https://bank.uz/uz/credits/avtokredit?PAGEN_3=6: ошибка получения страницы: Get "https://bank.uz/uz/credits/avtokredit?PAGEN_3=6": dial tcp: lookup bank.uz: no such host
2025/09/26 20:35:52 Ошибка парсинга https://bank.uz/uz/credits/avtokredit?PAGEN_3=7: ошибка получения страницы: Get "https://bank.uz/uz/credits/avtokredit?PAGEN_3=7": dial tcp: lookup bank.uz: no such host
2025/09/26 20:35:52 Ошибка парсинга https://bank.uz/uz/credits/avtokredit?PAGEN_3=8: ошибка получения страницы: Get "https://bank.uz/uz/credits/avtokredit?PAGEN_3=8": dial tcp: lookup bank.uz: no such host
2025/09/26 20:35:52 Инициализация завершена - заполнены таблицы new_autocredit 
2025/09/26 20:35:52 Инициализация данных переводов - очищаем базу и парсим заново...
2025/09/26 20:35:52 Ошибка парсинга переводов https://bank.uz/uz/perevodi: ошибка получения страницы: Get "https://bank.uz/uz/perevodi": dial tcp: lookup bank.uz: no such host
2025/09/26 20:35:52 Инициализация переводов завершена - заполнена таблица new_transfer
2025/09/26 20:35:52 Инициализация данных mortgage - очищаем базу и парсим заново...
2025/09/26 20:35:52 Ошибка парсинга https://bank.uz/uz/ipoteka: ошибка получения страницы: Get "https://bank.uz/uz/ipoteka": dial tcp: lookup bank.uz: no such host
2025/09/26 20:35:52 Ошибка парсинга https://bank.uz/uz/ipoteka?PAGEN_3=2: ошибка получения страницы: Get "https://bank.uz/uz/ipoteka?PAGEN_3=2": dial tcp: lookup bank.uz: no such host
2025/09/26 20:35:52 Ошибка парсинга https://bank.uz/uz/ipoteka?PAGEN_3=3: ошибка получения страницы: Get "https://bank.uz/uz/ipoteka?PAGEN_3=3": dial tcp: lookup bank.uz: no such host
2025/09/26 20:35:52 Ошибка парсинга https://bank.uz/uz/ipoteka?PAGEN_3=4: ошибка получения страницы: Get "https://bank.uz/uz/ipoteka?PAGEN_3=4": dial tcp: lookup bank.uz: no such host
2025/09/26 20:35:52 Ошибка парсинга https://bank.uz/uz/ipoteka?PAGEN_3=5: ошибка получения страницы: Get "https://bank.uz/uz/ipoteka?PAGEN_3=5": dial tcp: lookup bank.uz: no such host
2025/09/26 20:35:52 Ошибка парсинга https://bank.uz/uz/ipoteka?PAGEN_3=6: ошибка получения страницы: Get "https://bank.uz/uz/ipoteka?PAGEN_3=6": dial tcp: lookup bank.uz: no such host
2025/09/26 20:35:52 Ошибка парсинга https://bank.uz/uz/ipoteka?PAGEN_3=7: ошибка получения страницы: Get "https://bank.uz/uz/ipoteka?PAGEN_3=7": dial tcp: lookup bank.uz: no such host
2025/09/26 20:35:52 Инициализация завершена - заполнена таблица new_mortgage
2025/09/26 20:35:52 Инициализация данных deposit - очищаем базу и парсим заново...
2025/09/26 20:35:52 Ошибка парсинга https://bank.uz/uz/deposits: ошибка получения страницы: Get "https://bank.uz/uz/deposits": dial tcp: lookup bank.uz: no such host
2025/09/26 20:35:52 Ошибка парсинга https://bank.uz/uz/deposits?PAGEN_4=2: ошибка получения страницы: Get "https://bank.uz/uz/deposits?PAGEN_4=2": dial tcp: lookup bank.uz: no such host
2025/09/26 20:35:52 Ошибка парсинга https://bank.uz/uz/deposits?PAGEN_4=3: ошибка получения страницы: Get "https://bank.uz/uz/deposits?PAGEN_4=3": dial tcp: lookup bank.uz: no such host
2025/09/26 20:35:52 Ошибка парсинга https://bank.uz/uz/deposits?PAGEN_4=4: ошибка получения страницы: Get "https://bank.uz/uz/deposits?PAGEN_4=4": dial tcp: lookup bank.uz: no such host
2025/09/26 20:35:52 Ошибка парсинга https://bank.uz/uz/deposits?PAGEN_4=5: ошибка получения страницы: Get "https://bank.uz/uz/deposits?PAGEN_4=5": dial tcp: lookup bank.uz: no such host
2025/09/26 20:35:52 Ошибка парсинга https://bank.uz/uz/deposits?PAGEN_4=6: ошибка получения страницы: Get "https://bank.uz/uz/deposits?PAGEN_4=6": dial tcp: lookup bank.uz: no such host
2025/09/26 20:35:52 Ошибка парсинга https://bank.uz/uz/deposits?PAGEN_4=7: ошибка получения страницы: Get "https://bank.uz/uz/deposits?PAGEN_4=7": dial tcp: lookup bank.uz: no such host
2025/09/26 20:35:52 Ошибка парсинга https://bank.uz/uz/deposits?PAGEN_4=8: ошибка получения страницы: Get "https://bank.uz/uz/deposits?PAGEN_4=8": dial tcp: lookup bank.uz: no such host
2025/09/26 20:35:52 Ошибка парсинга https://bank.uz/uz/deposits?PAGEN_4=9: ошибка получения страницы: Get "https://bank.uz/uz/deposits?PAGEN_4=9": dial tcp: lookup bank.uz: no such host
2025/09/26 20:35:52 Ошибка парсинга https://bank.uz/uz/deposits?PAGEN_4=10: ошибка получения страницы: Get "https://bank.uz/uz/deposits?PAGEN_4=10": dial tcp: lookup bank.uz: no such host
2025/09/26 20:35:52 Ошибка парсинга https://bank.uz/uz/deposits?PAGEN_4=11: ошибка получения страницы: Get "https://bank.uz/uz/deposits?PAGEN_4=11": dial tcp: lookup bank.uz: no such host
2025/09/26 20:35:52 Ошибка парсинга https://bank.uz/uz/deposits?PAGEN_4=12: ошибка получения страницы: Get "https://bank.uz/uz/deposits?PAGEN_4=12": dial tcp: lookup bank.uz: no such host
2025/09/26 20:35:52 Ошибка парсинга https://bank.uz/uz/deposits?PAGEN_4=13: ошибка получения страницы: Get "https://bank.uz/uz/deposits?PAGEN_4=13": dial tcp: lookup bank.uz: no such host
2025/09/26 20:35:52 Инициализация завершена - заполнена таблица new_deposit
2025/09/26 20:35:52 Инициализация данных card - очищаем базу и парсим заново...
2025/09/26 20:35:52 Ошибка парсинга https://bank.uz/uz/cards: ошибка получения страницы: Get "https://bank.uz/uz/cards": dial tcp: lookup bank.uz: no such host
2025/09/26 20:35:52 Ошибка парсинга https://bank.uz/uz/cards?PAGEN_4=2: ошибка получения страницы: Get "https://bank.uz/uz/cards?PAGEN_4=2": dial tcp: lookup bank.uz: no such host
2025/09/26 20:35:52 Ошибка парсинга https://bank.uz/uz/cards?PAGEN_4=3: ошибка получения страницы: Get "https://bank.uz/uz/cards?PAGEN_4=3": dial tcp: lookup bank.uz: no such host
2025/09/26 20:35:52 Ошибка парсинга https://bank.uz/uz/cards?PAGEN_4=4: ошибка получения страницы: Get "https://bank.uz/uz/cards?PAGEN_4=4": dial tcp: lookup bank.uz: no such host
2025/09/26 20:35:52 Ошибка парсинга https://bank.uz/uz/cards?PAGEN_4=5: ошибка получения страницы: Get "https://bank.uz/uz/cards?PAGEN_4=5": dial tcp: lookup bank.uz: no such host
2025/09/26 20:35:52 Ошибка парсинга https://bank.uz/uz/cards?PAGEN_4=6: ошибка получения страницы: Get "https://bank.uz/uz/cards?PAGEN_4=6": dial tcp: lookup bank.uz: no such host
2025/09/26 20:35:52 Ошибка парсинга https://bank.uz/uz/cards?PAGEN_4=7: ошибка получения страницы: Get "https://bank.uz/uz/cards?PAGEN_4=7": dial tcp: lookup bank.uz: no such host
2025/09/26 20:35:52 Ошибка парсинга https://bank.uz/uz/cards?PAGEN_4=8: ошибка получения страницы: Get "https://bank.uz/uz/cards?PAGEN_4=8": dial tcp: lookup bank.uz: no such host
2025/09/26 20:35:52 Ошибка парсинга https://bank.uz/uz/cards?PAGEN_4=9: ошибка получения страницы: Get "https://bank.uz/uz/cards?PAGEN_4=9": dial tcp: lookup bank.uz: no such host
2025/09/26 20:35:52 Ошибка парсинга https://bank.uz/uz/cards?PAGEN_4=10: ошибка получения страницы: Get "https://bank.uz/uz/cards?PAGEN_4=10": dial tcp: lookup bank.uz: no such host
2025/09/26 20:35:52 Ошибка парсинга https://bank.uz/uz/cards?PAGEN_4=11: ошибка получения страницы: Get "https://bank.uz/uz/cards?PAGEN_4=11": dial tcp: lookup bank.uz: no such host
2025/09/26 20:35:52 Ошибка парсинга https://bank.uz/uz/cards?PAGEN_4=12: ошибка получения страницы: Get "https://bank.uz/uz/cards?PAGEN_4=12": dial tcp: lookup bank.uz: no such host
2025/09/26 20:35:52 Ошибка парсинга https://bank.uz/uz/cards?PAGEN_4=13: ошибка получения страницы: Get "https://bank.uz/uz/cards?PAGEN_4=13": dial tcp: lookup bank.uz: no such host
2025/09/26 20:35:52 Ошибка парсинга https://bank.uz/uz/cards?PAGEN_4=14: ошибка получения страницы: Get "https://bank.uz/uz/cards?PAGEN_4=14": dial tcp: lookup bank.uz: no such host
2025/09/26 20:35:52 Ошибка парсинга https://bank.uz/uz/cards?PAGEN_4=15: ошибка получения страницы: Get "https://bank.uz/uz/cards?PAGEN_4=15": dial tcp: lookup bank.uz: no such host
2025/09/26 20:35:52 Ошибка парсинга https://bank.uz/uz/cards?PAGEN_4=16: ошибка получения страницы: Get "https://bank.uz/uz/cards?PAGEN_4=16": dial tcp: lookup bank.uz: no such host
2025/09/26 20:35:52 Ошибка парсинга https://bank.uz/uz/cards?PAGEN_4=17: ошибка получения страницы: Get "https://bank.uz/uz/cards?PAGEN_4=17": dial tcp: lookup bank.uz: no such host
2025/09/26 20:35:52 Ошибка парсинга https://bank.uz/uz/cards?PAGEN_4=18: ошибка получения страницы: Get "https://bank.uz/uz/cards?PAGEN_4=18": dial tcp: lookup bank.uz: no such host
2025/09/26 20:35:52 Ошибка парсинга https://bank.uz/uz/cards?PAGEN_4=19: ошибка получения страницы: Get "https://bank.uz/uz/cards?PAGEN_4=19": dial tcp: lookup bank.uz: no such host
2025/09/26 20:35:52 Ошибка парсинга https://bank.uz/uz/cards?PAGEN_4=20: ошибка получения страницы: Get "https://bank.uz/uz/cards?PAGEN_4=20": dial tcp: lookup bank.uz: no such host
2025/09/26 20:35:52 Инициализация завершена - заполнена таблица new_card
2025/09/26 20:35:52 Инициализация данных currency - первичная загрузка new_currency...
2025/09/26 20:35:52 Ошибка получения страницы: Get "https://bank.uz/uz/currency": dial tcp: lookup bank.uz: no such host
2025/09/26 20:35:52 Ошибка при парсинге валют
2025/09/26 20:35:52 Инициализация данных credit_card - очищаем базу и парсим заново...
2025/09/26 20:35:52 Ошибка парсинга (credit) https://bank.uz/uz/cards/kreditnye-karty: ошибка получения страницы: Get "https://bank.uz/uz/cards/kreditnye-karty": dial tcp: lookup bank.uz: no such host
2025/09/26 20:35:52 Ошибка парсинга (credit) https://bank.uz/uz/cards/kreditnye-karty?PAGEN_4=2: ошибка получения страницы: Get "https://bank.uz/uz/cards/kreditnye-karty?PAGEN_4=2": dial tcp: lookup bank.uz: no such host
2025/09/26 20:35:52 Ошибка парсинга (credit) https://bank.uz/uz/cards/kreditnye-karty?PAGEN_4=3: ошибка получения страницы: Get "https://bank.uz/uz/cards/kreditnye-karty?PAGEN_4=3": dial tcp: lookup bank.uz: no such host
2025/09/26 20:35:52 Ошибка парсинга (credit) https://bank.uz/uz/cards/kreditnye-karty?PAGEN_4=4: ошибка получения страницы: Get "https://bank.uz/uz/cards/kreditnye-karty?PAGEN_4=4": dial tcp: lookup bank.uz: no such host
2025/09/26 20:35:52 Инициализация завершена - заполнена таблица new_credit_card
2025/09/26 20:40:00 Начало парсинга currency (каждые 10 минут)...
2025/09/26 20:40:01 Парсинг валют завершен - найдено 74 курсов (время Узбекистана: 2025-09-26 20:40:01)
2025/09/26 20:40:01 Парсинг currency завершен - обновлено 74 записей в new_currency (Asia/Tashkent)
2025/09/26 20:50:00 Начало парсинга currency (каждые 10 минут)...
2025/09/26 20:50:01 Парсинг валют завершен - найдено 74 курсов (время Узбекистана: 2025-09-26 20:50:01)
2025/09/26 20:50:01 Парсинг currency завершен - обновлено 74 записей в new_currency (Asia/Tashkent)
2025/09/26 21:00:00 Начало парсинга currency (каждые 10 минут)...
2025/09/26 21:00:01 Парсинг валют завершен - найдено 74 курсов (время Узбекистана: 2025-09-26 21:00:01)
2025/09/26 21:00:01 Парсинг currency завершен - обновлено 74 записей в new_currency (Asia/Tashkent)
2025/09/26 21:15:22 Начало парсинга currency (каждые 10 минут)...
2025/09/26 21:15:23 Парсинг валют завершен - найдено 74 курсов (время Узбекистана: 2025-09-26 21:15:23)
2025/09/26 21:15:23 Парсинг currency завершен - обновлено 74 записей в new_currency (Asia/Tashkent)
2025/09/26 21:20:00 Начало парсинга currency (каждые 10 минут)...
2025/09/26 21:20:00 Парсинг валют завершен - найдено 74 курсов (время Узбекистана: 2025-09-26 21:20:00)
2025/09/26 21:20:00 Парсинг currency завершен - обновлено 74 записей в new_currency (Asia/Tashkent)
2025/09/26 21:30:00 Начало парсинга currency (каждые 10 минут)...
2025/09/26 21:30:00 Парсинг валют завершен - найдено 74 курсов (время Узбекистана: 2025-09-26 21:30:00)
2025/09/26 21:30:00 Парсинг currency завершен - обновлено 74 записей в new_currency (Asia/Tashkent)
2025/09/26 21:40:00 Начало парсинга currency (каждые 10 минут)...
2025/09/26 21:40:00 Парсинг валют завершен - найдено 74 курсов (время Узбекистана: 2025-09-26 21:40:00)
2025/09/26 21:40:00 Парсинг currency завершен - обновлено 74 записей в new_currency (Asia/Tashkent)
2025/09/26 21:50:00 Начало парсинга currency (каждые 10 минут)...
2025/09/26 21:50:02 Парсинг валют завершен - найдено 74 курсов (время Узбекистана: 2025-09-26 21:50:02)
2025/09/26 21:50:03 Парсинг currency завершен - обновлено 74 записей в new_currency (Asia/Tashkent)
2025/09/26 21:56:10 Инициализация данных microcredit - очищаем базу и парсим заново...
2025/09/26 21:56:16 Инициализация завершена - заполнена таблица new_microcredit
2025/09/26 21:56:16 Инициализация данных autocredit - очищаем базу и парсим заново...
2025/09/26 21:56:21 Инициализация завершена - заполнены таблицы new_autocredit 
2025/09/26 21:56:21 Инициализация данных переводов - очищаем базу и парсим заново...
2025/09/26 21:56:22 Инициализация переводов завершена - заполнена таблица new_transfer
2025/09/26 21:56:22 Инициализация данных mortgage - очищаем базу и парсим заново...
2025/09/26 21:56:27 Инициализация завершена - заполнена таблица new_mortgage
2025/09/26 21:56:27 Инициализация данных deposit - очищаем базу и парсим заново...
2025/09/26 21:56:35 Инициализация завершена - заполнена таблица new_deposit
2025/09/26 21:56:35 Инициализация данных card - очищаем базу и парсим заново...
2025/09/26 21:56:48 Инициализация завершена - заполнена таблица new_card
2025/09/26 21:56:48 Инициализация данных currency - первичная загрузка new_currency...
2025/09/26 21:56:49 Парсинг валют завершен - найдено 74 курсов (время Узбекистана: 2025-09-26 21:56:49)
2025/09/26 21:56:49 Инициализация завершена - заполнена таблица new_currency (Asia/Tashkent)
2025/09/26 21:56:49 Инициализация данных credit_card - очищаем базу и парсим заново...
2025/09/26 21:56:51 Инициализация завершена - заполнена таблица new_credit_card
2025/09/26 22:00:00 Начало парсинга currency (каждые 10 минут)...
2025/09/26 22:00:00 Парсинг валют завершен - найдено 74 курсов (время Узбекистана: 2025-09-26 22:00:00)
2025/09/26 22:00:00 Парсинг currency завершен - обновлено 74 записей в new_currency (Asia/Tashkent)
2025/09/26 22:10:00 Начало парсинга currency (каждые 10 минут)...
2025/09/26 22:10:00 Парсинг валют завершен - найдено 74 курсов (время Узбекистана: 2025-09-26 22:10:00)
2025/09/26 22:10:00 Парсинг currency завершен - обновлено 74 записей в new_currency (Asia/Tashkent)
2025/09/26 22:13:22 Инициализация данных microcredit - очищаем базу и парсим заново...
2025/09/26 22:13:27 Инициализация завершена - заполнена таблица new_microcredit
2025/09/26 22:13:27 Инициализация данных autocredit - очищаем базу и парсим заново...
2025/09/26 22:13:34 Инициализация завершена - заполнены таблицы new_autocredit 
2025/09/26 22:13:34 Инициализация данных переводов - очищаем базу и парсим заново...
2025/09/26 22:13:34 Инициализация переводов завершена - заполнена таблица new_transfer
2025/09/26 22:13:34 Инициализация данных mortgage - очищаем базу и парсим заново...
2025/09/26 22:13:39 Инициализация завершена - заполнена таблица new_mortgage
2025/09/26 22:13:39 Инициализация данных deposit - очищаем базу и парсим заново...
2025/09/26 22:13:48 Инициализация завершена - заполнена таблица new_deposit
2025/09/26 22:13:48 Инициализация данных card - очищаем базу и парсим заново...
2025/09/26 22:14:02 Инициализация завершена - заполнена таблица new_card
2025/09/26 22:14:02 Инициализация данных currency - первичная загрузка new_currency...
2025/09/26 22:14:03 Парсинг валют завершен - найдено 74 курсов (время Узбекистана: 2025-09-26 22:14:03)
2025/09/26 22:14:03 Инициализация завершена - заполнена таблица new_currency (Asia/Tashkent)
2025/09/26 22:14:03 Инициализация данных credit_card - очищаем базу и парсим заново...
2025/09/26 22:14:06 Инициализация завершена - заполнена таблица new_credit_card
2025/09/26 22:20:00 Начало парсинга currency (каждые 10 минут)...
2025/09/26 22:20:00 Парсинг валют завершен - найдено 74 курсов (время Узбекистана: 2025-09-26 22:20:00)
2025/09/26 22:20:00 Парсинг currency завершен - обновлено 74 записей в new_currency (Asia/Tashkent)
2025/09/26 22:30:00 Начало парсинга currency (каждые 10 минут)...
2025/09/26 22:30:00 Парсинг валют завершен - найдено 74 курсов (время Узбекистана: 2025-09-26 22:30:00)
2025/09/26 22:30:00 Парсинг currency завершен - обновлено 74 записей в new_currency (Asia/Tashkent)
2025/09/26 22:40:00 Начало парсинга currency (каждые 10 минут)...
2025/09/26 22:40:00 Парсинг валют завершен - найдено 74 курсов (время Узбекистана: 2025-09-26 22:40:00)
2025/09/26 22:40:01 Парсинг currency завершен - обновлено 74 записей в new_currency (Asia/Tashkent)
2025/09/26 22:50:00 Начало парсинга currency (каждые 10 минут)...
2025/09/26 22:50:00 Парсинг валют завершен - найдено 74 курсов (время Узбекистана: 2025-09-26 22:50:00)
2025/09/26 22:50:00 Парсинг currency завершен - обновлено 74 записей в new_currency (Asia/Tashkent)
2025/09/26 23:00:00 Начало парсинга currency (каждые 10 минут)...
2025/09/26 23:00:00 Парсинг валют завершен - найдено 74 курсов (время Узбекистана: 2025-09-26 23:00:00)
2025/09/26 23:00:00 Парсинг currency завершен - обновлено 74 записей в new_currency (Asia/Tashkent)
2025/09/26 23:04:15 Инициализация данных microcredit - очищаем базу и парсим заново...
2025/09/26 23:04:20 Инициализация завершена - заполнена таблица new_microcredit
2025/09/26 23:04:20 Инициализация данных autocredit - очищаем базу и парсим заново...
2025/09/26 23:04:25 Инициализация завершена - заполнены таблицы new_autocredit 
2025/09/26 23:04:25 Инициализация данных переводов - очищаем базу и парсим заново...
2025/09/26 23:04:26 Инициализация переводов завершена - заполнена таблица new_transfer
2025/09/26 23:04:26 Инициализация данных mortgage - очищаем базу и парсим заново...
2025/09/26 23:04:30 Инициализация завершена - заполнена таблица new_mortgage
2025/09/26 23:04:30 Инициализация данных deposit - очищаем базу и парсим заново...
2025/09/26 23:04:39 Инициализация завершена - заполнена таблица new_deposit
2025/09/26 23:04:39 Инициализация данных card - очищаем базу и парсим заново...
2025/09/26 23:04:51 Инициализация завершена - заполнена таблица new_card
2025/09/26 23:04:51 Инициализация данных currency - первичная загрузка new_currency...
2025/09/26 23:04:51 Парсинг валют завершен - найдено 74 курсов (время Узбекистана: 2025-09-26 23:04:51)
2025/09/26 23:04:51 Инициализация завершена - заполнена таблица new_currency (Asia/Tashkent)
2025/09/26 23:04:51 Инициализация данных credit_card - очищаем базу и парсим заново...
2025/09/26 23:04:54 Инициализация завершена - заполнена таблица new_credit_card
2025/09/26 23:07:56 Инициализация данных microcredit - очищаем базу и парсим заново...
2025/09/26 23:08:01 Инициализация завершена - заполнена таблица new_microcredit
2025/09/26 23:08:01 Инициализация данных autocredit - очищаем базу и парсим заново...
2025/09/26 23:08:06 Инициализация завершена - заполнены таблицы new_autocredit 
2025/09/26 23:08:06 Инициализация данных переводов - очищаем базу и парсим заново...
2025/09/26 23:08:06 Инициализация переводов завершена - заполнена таблица new_transfer
2025/09/26 23:08:06 Инициализация данных mortgage - очищаем базу и парсим заново...
2025/09/26 23:08:10 Инициализация завершена - заполнена таблица new_mortgage
2025/09/26 23:08:10 Инициализация данных deposit - очищаем базу и парсим заново...
2025/09/26 23:10:04 Инициализация данных microcredit - очищаем базу и парсим заново...
2025/09/26 23:10:10 Инициализация завершена - заполнена таблица new_microcredit
2025/09/26 23:10:10 Инициализация данных autocredit - очищаем базу и парсим заново...
2025/09/26 23:10:15 Инициализация завершена - заполнены таблицы new_autocredit 
2025/09/26 23:10:15 Инициализация данных переводов - очищаем базу и парсим заново...
2025/09/26 23:10:16 Инициализация переводов завершена - заполнена таблица new_transfer
2025/09/26 23:10:16 Инициализация данных mortgage - очищаем базу и парсим заново...
2025/09/26 23:10:21 Инициализация завершена - заполнена таблица new_mortgage
2025/09/26 23:10:21 Инициализация данных deposit - очищаем базу и парсим заново...
2025/09/26 23:20:26 Инициализация данных microcredit - очищаем базу и парсим заново...
2025/09/26 23:20:31 Инициализация завершена - заполнена таблица new_microcredit
2025/09/26 23:20:31 Инициализация данных autocredit - очищаем базу и парсим заново...
2025/09/26 23:20:37 Инициализация завершена - заполнены таблицы new_autocredit 
2025/09/26 23:20:37 Инициализация данных переводов - очищаем базу и парсим заново...
2025/09/26 23:20:38 Инициализация переводов завершена - заполнена таблица new_transfer
2025/09/26 23:20:38 Инициализация данных mortgage - очищаем базу и парсим заново...
2025/09/26 23:20:42 Инициализация завершена - заполнена таблица new_mortgage
2025/09/26 23:20:42 Инициализация данных deposit - очищаем базу и парсим заново...
2025/09/26 23:20:50 Инициализация завершена - заполнена таблица new_deposit
2025/09/26 23:20:50 Инициализация данных card - очищаем базу и парсим заново...
2025/09/26 23:21:04 Инициализация завершена - заполнена таблица new_card
2025/09/26 23:21:04 Инициализация данных currency - первичная загрузка new_currency...
2025/09/26 23:21:04 Парсинг валют завершен - найдено 74 курсов (время Узбекистана: 2025-09-26 23:21:04)
2025/09/26 23:21:04 Инициализация завершена - заполнена таблица new_currency (Asia/Tashkent)
2025/09/26 23:21:04 Инициализация данных credit_card - очищаем базу и парсим заново...
2025/09/26 23:21:06 Инициализация завершена - заполнена таблица new_credit_card
2025/09/26 23:30:00 Начало парсинга currency (каждые 10 минут)...
2025/09/26 23:30:00 Парсинг валют завершен - найдено 74 курсов (время Узбекистана: 2025-09-26 23:30:00)
2025/09/26 23:30:00 Парсинг currency завершен - обновлено 74 записей в new_currency (Asia/Tashkent)
2025/09/26 23:30:49 Инициализация данных microcredit - очищаем базу и парсим заново...
2025/09/26 23:30:54 Инициализация завершена - заполнена таблица new_microcredit
2025/09/26 23:30:54 Инициализация данных autocredit - очищаем базу и парсим заново...
2025/09/26 23:30:58 Инициализация завершена - заполнены таблицы new_autocredit 
2025/09/26 23:30:58 Инициализация данных переводов - очищаем базу и парсим заново...
2025/09/26 23:30:59 Инициализация переводов завершена - заполнена таблица new_transfer
2025/09/26 23:30:59 Инициализация данных mortgage - очищаем базу и парсим заново...
2025/09/26 23:31:03 Инициализация завершена - заполнена таблица new_mortgage
2025/09/26 23:31:03 Инициализация данных deposit - очищаем базу и парсим заново...
2025/09/26 23:31:11 Инициализация завершена - заполнена таблица new_deposit
2025/09/26 23:31:11 Инициализация данных card - очищаем базу и парсим заново...
2025/09/26 23:31:24 Инициализация завершена - заполнена таблица new_card
2025/09/26 23:31:24 Инициализация данных currency - первичная загрузка new_currency...
2025/09/26 23:31:24 Парсинг валют завершен - найдено 74 курсов (время Узбекистана: 2025-09-26 23:31:24)
2025/09/26 23:31:24 Инициализация завершена - заполнена таблица new_currency (Asia/Tashkent)
2025/09/26 23:31:24 Инициализация данных credit_card - очищаем базу и парсим заново...
2025/09/26 23:31:26 Инициализация завершена - заполнена таблица new_credit_card
2025/09/26 23:34:58 Инициализация данных microcredit - очищаем базу и парсим заново...
2025/09/26 23:35:03 Инициализация завершена - заполнена таблица new_microcredit
2025/09/26 23:35:03 Инициализация данных autocredit - очищаем базу и парсим заново...
2025/09/26 23:35:08 Инициализация завершена - заполнены таблицы new_autocredit 
2025/09/26 23:35:08 Инициализация данных переводов - очищаем базу и парсим заново...
2025/09/26 23:35:09 Инициализация переводов завершена - заполнена таблица new_transfer
2025/09/26 23:35:09 Инициализация данных mortgage - очищаем базу и парсим заново...
2025/09/26 23:35:14 Инициализация завершена - заполнена таблица new_mortgage
2025/09/26 23:35:14 Инициализация данных deposit - очищаем базу и парсим заново...
2025/09/26 23:35:22 Инициализация завершена - заполнена таблица new_deposit
2025/09/26 23:35:22 Инициализация данных card - очищаем базу и парсим заново...
2025/09/26 23:35:35 Инициализация завершена - заполнена таблица new_card
2025/09/26 23:35:35 Инициализация данных currency - первичная загрузка new_currency...
2025/09/26 23:35:36 Парсинг валют завершен - найдено 74 курсов (время Узбекистана: 2025-09-26 23:35:36)
2025/09/26 23:35:36 Инициализация завершена - заполнена таблица new_currency (Asia/Tashkent)
2025/09/26 23:35:36 Инициализация данных credit_card - очищаем базу и парсим заново...
2025/09/26 23:35:38 Инициализация завершена - заполнена таблица new_credit_card
2025/09/26 23:42:26 Инициализация данных microcredit - очищаем базу и парсим заново...
2025/09/26 23:42:32 Инициализация завершена - заполнена таблица new_microcredit
2025/09/26 23:42:32 Инициализация данных autocredit - очищаем базу и парсим заново...
2025/09/26 23:42:37 Инициализация завершена - заполнены таблицы new_autocredit 
2025/09/26 23:42:37 Инициализация данных переводов - очищаем базу и парсим заново...
2025/09/26 23:42:37 Инициализация переводов завершена - заполнена таблица new_transfer
2025/09/26 23:42:37 Инициализация данных mortgage - очищаем базу и парсим заново...
2025/09/26 23:42:42 Инициализация завершена - заполнена таблица new_mortgage
2025/09/26 23:42:42 Инициализация данных deposit - очищаем базу и парсим заново...
2025/09/26 23:42:50 Инициализация завершена - заполнена таблица new_deposit
2025/09/26 23:42:50 Инициализация данных card - очищаем базу и парсим заново...
2025/09/26 23:43:03 Инициализация завершена - заполнена таблица new_card
2025/09/26 23:43:03 Инициализация данных currency - первичная загрузка new_currency...
2025/09/26 23:43:03 Парсинг валют завершен - найдено 74 курсов (время Узбекистана: 2025-09-26 23:43:03)
2025/09/26 23:43:03 Инициализация завершена - заполнена таблица new_currency (Asia/Tashkent)
2025/09/26 23:43:03 Инициализация данных credit_card - очищаем базу и парсим заново...
2025/09/26 23:43:06 Инициализация завершена - заполнена таблица new_credit_card
